<?xml version="1.0" encoding="UTF-8"?>
<!-- Generated by org.testng.reporters.JUnitXMLReporter -->
<testsuite ignored="0" hostname="MS" failures="0" tests="3" name="Default test" time="1.358" errors="0" timestamp="2024-02-07T09:24:20 IST">
  <testcase classname="DataDrivenExcel.ExcelDriven.dataDrivenTest" name="testCaseData" time="0.012"/>
  <testcase classname="DataDrivenExcel.ExcelDriven.dataDrivenTest" name="testCaseData" time="0.009"/>
  <testcase classname="DataDrivenExcel.ExcelDriven.dataDrivenTest" name="testCaseData" time="0.003"/>
</testsuite> <!-- Default test -->
